<?xml version="1.0" encoding="UTF-8" standalone="no"?>
<testsuite failures="1" name="cucumber.runtime.formatter.JUnitFormatter" skipped="0" tests="2" time="52.757277">
<testcase classname="Free CRM Create Contacts" name="Free CRM Create a new contact scenario" time="30.765906">
<system-out><![CDATA[Given User is already in loginpage..........................................passed
When title of login page is FreeCrm.........................................passed
Then user enters "batchautomation" and "Test@12345".........................passed
And user clicks on login button.............................................passed
Then user is on home Page...................................................passed
Then user moves to new contact page.........................................passed
Then user enters contact details "Tom" and "Peter" and "Manager"............passed
Then close the browser......................................................passed
]]></system-out>
</testcase>
<testcase classname="Free CRM Create Contacts" name="Free CRM Create a new contact scenario 2" time="21.991371">
<failure message="junit.framework.ComparisonFailure: expected:&lt;CRMPRO[ - CRM software for customer relationship management, sales, and support.]&gt; but was:&lt;CRMPRO[]&gt;&#13;&#10;&#9;at junit.framework.Assert.assertEquals(Assert.java:100)&#13;&#10;&#9;at junit.framework.Assert.assertEquals(Assert.java:107)&#13;&#10;&#9;at stepDefination.LoginStepDefination.user_is_on_home_Page(LoginStepDefination.java:45)&#13;&#10;&#9;at ✽.Then user is on home Page(C:/Users/Vennela/git/BDD-Cucumber-/BDDFramework/src/main/java/features/contacts.feature:9)&#13;&#10;"><![CDATA[Given User is already in loginpage..........................................passed
When title of login page is FreeCrm.........................................passed
Then user enters "vineela" and "test@123"...................................passed
And user clicks on login button.............................................passed
Then user is on home Page...................................................failed
Then user moves to new contact page.........................................skipped
Then user enters contact details "David" and "Dsouza" and "Director"........skipped
Then close the browser......................................................skipped

StackTrace:
junit.framework.ComparisonFailure: expected:<CRMPRO[ - CRM software for customer relationship management, sales, and support.]> but was:<CRMPRO[]>
	at junit.framework.Assert.assertEquals(Assert.java:100)
	at junit.framework.Assert.assertEquals(Assert.java:107)
	at stepDefination.LoginStepDefination.user_is_on_home_Page(LoginStepDefination.java:45)
	at ✽.Then user is on home Page(C:/Users/Vennela/git/BDD-Cucumber-/BDDFramework/src/main/java/features/contacts.feature:9)
]]></failure>
</testcase>
</testsuite>
